2020-07-10 18:32:55.6799 AllServer 0001 (Program.cs:37) server start........................ 1 AllServer
2020-07-10 18:32:56.1149 AllServer 0001 (Program.cs:56) Server[AppType: AllServer, AppId: 1]> start to initialize server!
2020-07-10 18:32:57.3271 AllServer 0001 (CacheProxyComponentSystem.cs:499) to prepare initializing redis......
2020-07-10 18:32:57.3566 AllServer 0001 (CacheProxyComponentSystem.cs:506) to connect redis is successful.
2020-07-10 18:32:57.6176 AllServer 0001 (PingComponent.cs:32) 在线人数 ：0
2020-07-10 18:32:57.6450 AllServer 0001 (Program.cs:241) Server[AppType: AllServer, AppId: 1]> initializes server completely!
2020-07-10 18:33:02.6371 AllServer 0001 (PingComponent.cs:32) 在线人数 ：0
2020-07-10 18:33:07.6616 AllServer 0001 (PingComponent.cs:32) 在线人数 ：0
2020-07-10 18:33:12.6628 AllServer 0001 (PingComponent.cs:32) 在线人数 ：0
2020-07-10 18:33:17.6636 AllServer 0001 (PingComponent.cs:32) 在线人数 ：0
2020-07-10 18:34:18.9809 AllServer 0001 (Program.cs:37) server start........................ 1 AllServer
2020-07-10 18:34:19.1279 AllServer 0001 (Program.cs:56) Server[AppType: AllServer, AppId: 1]> start to initialize server!
2020-07-10 18:34:19.9354 AllServer 0001 (CacheProxyComponentSystem.cs:499) to prepare initializing redis......
2020-07-10 18:34:19.9388 AllServer 0001 (CacheProxyComponentSystem.cs:506) to connect redis is successful.
2020-07-10 18:34:20.0273 AllServer 0001 (PingComponent.cs:32) 在线人数 ：0
2020-07-10 18:34:20.0379 AllServer 0001 (Program.cs:241) Server[AppType: AllServer, AppId: 1]> initializes server completely!
2020-07-10 18:34:25.0301 AllServer 0001 (PingComponent.cs:32) 在线人数 ：0
2020-07-10 18:34:30.0312 AllServer 0001 (PingComponent.cs:32) 在线人数 ：0
2020-07-10 18:34:35.0323 AllServer 0001 (PingComponent.cs:32) 在线人数 ：0
2020-07-10 18:34:40.0322 AllServer 0001 (PingComponent.cs:32) 在线人数 ：0
2020-07-10 18:34:45.0328 AllServer 0001 (PingComponent.cs:32) 在线人数 ：0
2020-07-10 18:34:50.0338 AllServer 0001 (PingComponent.cs:32) 在线人数 ：0
2020-07-10 18:34:55.0344 AllServer 0001 (PingComponent.cs:32) 在线人数 ：0
2020-07-10 18:35:00.0356 AllServer 0001 (PingComponent.cs:32) 在线人数 ：0
2020-07-10 18:35:05.0357 AllServer 0001 (PingComponent.cs:32) 在线人数 ：0
2020-07-10 18:35:10.0376 AllServer 0001 (PingComponent.cs:32) 在线人数 ：0
2020-07-10 18:35:15.0385 AllServer 0001 (PingComponent.cs:32) 在线人数 ：0
2020-07-10 18:35:20.0397 AllServer 0001 (PingComponent.cs:32) 在线人数 ：0
2020-07-10 18:35:25.0404 AllServer 0001 (PingComponent.cs:32) 在线人数 ：0
2020-07-10 18:35:30.0413 AllServer 0001 (PingComponent.cs:32) 在线人数 ：0
2020-07-10 18:35:35.0425 AllServer 0001 (PingComponent.cs:32) 在线人数 ：0
2020-07-10 18:35:40.0427 AllServer 0001 (PingComponent.cs:32) 在线人数 ：0
2020-07-10 18:35:45.0432 AllServer 0001 (PingComponent.cs:32) 在线人数 ：0
2020-07-10 18:35:50.0446 AllServer 0001 (PingComponent.cs:32) 在线人数 ：0
2020-07-10 18:35:55.0465 AllServer 0001 (PingComponent.cs:32) 在线人数 ：0
2020-07-10 18:36:00.0472 AllServer 0001 (PingComponent.cs:32) 在线人数 ：0
2020-07-10 18:36:05.0476 AllServer 0001 (PingComponent.cs:32) 在线人数 ：0
2020-07-10 18:36:10.0480 AllServer 0001 (PingComponent.cs:32) 在线人数 ：0
2020-07-10 18:36:15.0495 AllServer 0001 (PingComponent.cs:32) 在线人数 ：0
2020-07-10 18:36:20.0501 AllServer 0001 (PingComponent.cs:32) 在线人数 ：0
2020-07-10 18:36:25.0511 AllServer 0001 (PingComponent.cs:32) 在线人数 ：0
2020-07-10 18:36:30.0519 AllServer 0001 (PingComponent.cs:32) 在线人数 ：0
2020-07-10 18:36:35.0523 AllServer 0001 (PingComponent.cs:32) 在线人数 ：0
2020-07-10 18:36:40.0541 AllServer 0001 (PingComponent.cs:32) 在线人数 ：0
2020-07-10 18:36:45.0554 AllServer 0001 (PingComponent.cs:32) 在线人数 ：0
2020-07-10 18:36:50.0573 AllServer 0001 (PingComponent.cs:32) 在线人数 ：0
2020-07-10 18:36:55.0577 AllServer 0001 (PingComponent.cs:32) 在线人数 ：0
2020-07-10 18:37:00.0584 AllServer 0001 (PingComponent.cs:32) 在线人数 ：0
2020-07-10 18:37:05.0608 AllServer 0001 (PingComponent.cs:32) 在线人数 ：0
2020-07-10 18:37:10.0625 AllServer 0001 (PingComponent.cs:32) 在线人数 ：0
2020-07-10 18:37:15.0625 AllServer 0001 (PingComponent.cs:32) 在线人数 ：0
2020-07-10 18:37:20.0630 AllServer 0001 (PingComponent.cs:32) 在线人数 ：0
2020-07-10 18:37:25.0635 AllServer 0001 (PingComponent.cs:32) 在线人数 ：0
2020-07-10 18:37:30.0645 AllServer 0001 (PingComponent.cs:32) 在线人数 ：0
2020-07-10 18:37:35.0651 AllServer 0001 (PingComponent.cs:32) 在线人数 ：0
2020-07-10 18:37:40.0659 AllServer 0001 (PingComponent.cs:32) 在线人数 ：0
2020-07-10 18:37:45.0666 AllServer 0001 (PingComponent.cs:32) 在线人数 ：0
2020-07-10 18:37:50.0672 AllServer 0001 (PingComponent.cs:32) 在线人数 ：0
2020-07-10 18:37:55.0682 AllServer 0001 (PingComponent.cs:32) 在线人数 ：0
2020-07-10 18:38:00.0691 AllServer 0001 (PingComponent.cs:32) 在线人数 ：0
2020-07-10 18:38:05.0700 AllServer 0001 (PingComponent.cs:32) 在线人数 ：0
2020-07-10 18:38:10.0707 AllServer 0001 (PingComponent.cs:32) 在线人数 ：0
2020-07-10 18:38:15.0710 AllServer 0001 (PingComponent.cs:32) 在线人数 ：0
2020-07-10 18:38:20.0711 AllServer 0001 (PingComponent.cs:32) 在线人数 ：0
2020-07-10 18:38:25.0728 AllServer 0001 (PingComponent.cs:32) 在线人数 ：0
2020-07-10 18:38:30.0746 AllServer 0001 (PingComponent.cs:32) 在线人数 ：0
2020-07-10 18:38:35.0745 AllServer 0001 (PingComponent.cs:32) 在线人数 ：0
2020-07-10 18:38:40.0740 AllServer 0001 (PingComponent.cs:32) 在线人数 ：0
2020-07-10 18:38:45.0748 AllServer 0001 (PingComponent.cs:32) 在线人数 ：0
2020-07-10 18:38:50.0769 AllServer 0001 (PingComponent.cs:32) 在线人数 ：0
2020-07-10 18:38:55.0785 AllServer 0001 (PingComponent.cs:32) 在线人数 ：0
2020-07-10 18:39:00.0787 AllServer 0001 (PingComponent.cs:32) 在线人数 ：0
2020-07-10 18:39:05.0793 AllServer 0001 (PingComponent.cs:32) 在线人数 ：0
2020-07-10 18:39:10.0806 AllServer 0001 (PingComponent.cs:32) 在线人数 ：0
2020-07-10 18:39:15.0809 AllServer 0001 (PingComponent.cs:32) 在线人数 ：0
2020-07-10 18:39:20.0821 AllServer 0001 (PingComponent.cs:32) 在线人数 ：0
2020-07-10 18:39:25.0825 AllServer 0001 (PingComponent.cs:32) 在线人数 ：0
2020-07-10 18:39:30.0835 AllServer 0001 (PingComponent.cs:32) 在线人数 ：0
2020-07-10 18:39:35.0838 AllServer 0001 (PingComponent.cs:32) 在线人数 ：0
2020-07-10 18:39:40.0857 AllServer 0001 (PingComponent.cs:32) 在线人数 ：0
2020-07-10 18:39:45.0873 AllServer 0001 (PingComponent.cs:32) 在线人数 ：0
2020-07-10 18:39:50.0875 AllServer 0001 (PingComponent.cs:32) 在线人数 ：0
2020-07-10 18:39:55.0872 AllServer 0001 (PingComponent.cs:32) 在线人数 ：0
2020-07-10 18:40:00.0888 AllServer 0001 (PingComponent.cs:32) 在线人数 ：0
2020-07-10 18:40:05.0902 AllServer 0001 (PingComponent.cs:32) 在线人数 ：0
2020-07-10 18:40:10.0905 AllServer 0001 (PingComponent.cs:32) 在线人数 ：0
2020-07-10 18:40:15.0900 AllServer 0001 (PingComponent.cs:32) 在线人数 ：0
2020-07-10 18:40:20.0901 AllServer 0001 (PingComponent.cs:32) 在线人数 ：0
2020-07-10 18:40:25.0902 AllServer 0001 (PingComponent.cs:32) 在线人数 ：0
2020-07-10 18:40:30.0907 AllServer 0001 (PingComponent.cs:32) 在线人数 ：0
2020-07-10 18:40:35.0928 AllServer 0001 (PingComponent.cs:32) 在线人数 ：0
2020-07-10 18:40:40.0934 AllServer 0001 (PingComponent.cs:32) 在线人数 ：0
2020-07-10 18:40:45.0938 AllServer 0001 (PingComponent.cs:32) 在线人数 ：0
2020-07-10 18:40:50.0958 AllServer 0001 (PingComponent.cs:32) 在线人数 ：0
2020-07-10 18:40:55.0965 AllServer 0001 (PingComponent.cs:32) 在线人数 ：0
2020-07-10 18:41:00.0969 AllServer 0001 (PingComponent.cs:32) 在线人数 ：0
2020-07-10 18:41:05.0970 AllServer 0001 (PingComponent.cs:32) 在线人数 ：0
2020-07-10 18:41:10.0978 AllServer 0001 (PingComponent.cs:32) 在线人数 ：0
2020-07-10 18:41:15.0993 AllServer 0001 (PingComponent.cs:32) 在线人数 ：0
2020-07-10 18:41:20.0997 AllServer 0001 (PingComponent.cs:32) 在线人数 ：0
2020-07-10 18:41:25.1014 AllServer 0001 (PingComponent.cs:32) 在线人数 ：0
2020-07-10 18:41:30.1033 AllServer 0001 (PingComponent.cs:32) 在线人数 ：0
2020-07-10 18:41:35.1034 AllServer 0001 (PingComponent.cs:32) 在线人数 ：0
2020-07-10 18:41:40.1037 AllServer 0001 (PingComponent.cs:32) 在线人数 ：0
2020-07-10 18:41:45.1053 AllServer 0001 (PingComponent.cs:32) 在线人数 ：0
2020-07-10 18:41:50.1050 AllServer 0001 (PingComponent.cs:32) 在线人数 ：0
2020-07-10 18:41:55.1069 AllServer 0001 (PingComponent.cs:32) 在线人数 ：0
2020-07-10 18:42:00.1072 AllServer 0001 (PingComponent.cs:32) 在线人数 ：0
2020-07-10 18:42:05.1071 AllServer 0001 (PingComponent.cs:32) 在线人数 ：0
2020-07-10 18:42:10.1077 AllServer 0001 (PingComponent.cs:32) 在线人数 ：0
2020-07-10 18:42:15.1082 AllServer 0001 (PingComponent.cs:32) 在线人数 ：0
2020-07-10 18:42:20.1099 AllServer 0001 (PingComponent.cs:32) 在线人数 ：0
2020-07-10 18:42:25.1116 AllServer 0001 (PingComponent.cs:32) 在线人数 ：0
2020-07-10 18:42:30.1132 AllServer 0001 (PingComponent.cs:32) 在线人数 ：0
2020-07-10 18:42:35.1145 AllServer 0001 (PingComponent.cs:32) 在线人数 ：0
2020-07-10 18:42:40.1151 AllServer 0001 (PingComponent.cs:32) 在线人数 ：0
2020-07-10 18:42:45.1166 AllServer 0001 (PingComponent.cs:32) 在线人数 ：0
2020-07-10 18:42:50.1175 AllServer 0001 (PingComponent.cs:32) 在线人数 ：0
2020-07-10 18:42:55.1181 AllServer 0001 (PingComponent.cs:32) 在线人数 ：0
2020-07-10 18:43:00.1183 AllServer 0001 (PingComponent.cs:32) 在线人数 ：0
2020-07-10 18:43:05.1197 AllServer 0001 (PingComponent.cs:32) 在线人数 ：0
2020-07-10 18:43:10.1213 AllServer 0001 (PingComponent.cs:32) 在线人数 ：0
2020-07-10 18:43:15.1216 AllServer 0001 (PingComponent.cs:32) 在线人数 ：0
2020-07-10 18:43:20.1219 AllServer 0001 (PingComponent.cs:32) 在线人数 ：0
2020-07-10 18:43:25.1231 AllServer 0001 (PingComponent.cs:32) 在线人数 ：0
2020-07-10 18:43:30.1248 AllServer 0001 (PingComponent.cs:32) 在线人数 ：0
2020-07-10 18:43:35.1253 AllServer 0001 (PingComponent.cs:32) 在线人数 ：0
2020-07-10 18:43:40.1268 AllServer 0001 (PingComponent.cs:32) 在线人数 ：0
2020-07-10 18:43:45.1275 AllServer 0001 (PingComponent.cs:32) 在线人数 ：0
2020-07-10 18:43:50.1272 AllServer 0001 (PingComponent.cs:32) 在线人数 ：0
2020-07-10 18:43:55.1271 AllServer 0001 (PingComponent.cs:32) 在线人数 ：0
2020-07-10 18:44:00.1279 AllServer 0001 (PingComponent.cs:32) 在线人数 ：0
2020-07-10 18:44:05.1286 AllServer 0001 (PingComponent.cs:32) 在线人数 ：0
2020-07-10 18:44:10.1299 AllServer 0001 (PingComponent.cs:32) 在线人数 ：0
2020-07-10 18:44:15.1305 AllServer 0001 (PingComponent.cs:32) 在线人数 ：0
2020-07-10 18:44:20.1320 AllServer 0001 (PingComponent.cs:32) 在线人数 ：0
2020-07-10 18:44:25.1344 AllServer 0001 (PingComponent.cs:32) 在线人数 ：0
2020-07-10 18:44:30.1353 AllServer 0001 (PingComponent.cs:32) 在线人数 ：0
2020-07-10 18:44:35.1354 AllServer 0001 (PingComponent.cs:32) 在线人数 ：0
2020-07-10 18:44:40.1361 AllServer 0001 (PingComponent.cs:32) 在线人数 ：0
2020-07-10 18:44:45.1378 AllServer 0001 (PingComponent.cs:32) 在线人数 ：0
2020-07-10 18:44:50.1385 AllServer 0001 (PingComponent.cs:32) 在线人数 ：0
2020-07-10 18:44:55.1385 AllServer 0001 (PingComponent.cs:32) 在线人数 ：0
2020-07-10 18:45:00.1391 AllServer 0001 (PingComponent.cs:32) 在线人数 ：0
2020-07-10 18:45:05.1407 AllServer 0001 (PingComponent.cs:32) 在线人数 ：0
2020-07-10 18:45:10.1423 AllServer 0001 (PingComponent.cs:32) 在线人数 ：0
2020-07-10 18:45:15.1431 AllServer 0001 (PingComponent.cs:32) 在线人数 ：0
2020-07-10 18:45:20.1439 AllServer 0001 (PingComponent.cs:32) 在线人数 ：0
2020-07-10 18:45:25.1442 AllServer 0001 (PingComponent.cs:32) 在线人数 ：0
2020-07-10 18:45:30.1442 AllServer 0001 (PingComponent.cs:32) 在线人数 ：0
2020-07-10 18:45:35.1453 AllServer 0001 (PingComponent.cs:32) 在线人数 ：0
2020-07-10 18:45:40.1454 AllServer 0001 (PingComponent.cs:32) 在线人数 ：0
2020-07-10 18:45:45.1472 AllServer 0001 (PingComponent.cs:32) 在线人数 ：0
2020-07-10 18:45:50.1485 AllServer 0001 (PingComponent.cs:32) 在线人数 ：0
2020-07-10 18:45:55.1492 AllServer 0001 (PingComponent.cs:32) 在线人数 ：0
2020-07-10 18:46:00.1508 AllServer 0001 (PingComponent.cs:32) 在线人数 ：0
2020-07-10 18:46:05.1523 AllServer 0001 (PingComponent.cs:32) 在线人数 ：0
2020-07-10 18:46:10.1521 AllServer 0001 (PingComponent.cs:32) 在线人数 ：0
2020-07-10 18:46:15.1530 AllServer 0001 (PingComponent.cs:32) 在线人数 ：0
2020-07-10 18:46:20.1545 AllServer 0001 (PingComponent.cs:32) 在线人数 ：0
2020-07-10 18:46:25.1548 AllServer 0001 (PingComponent.cs:32) 在线人数 ：0
2020-07-10 18:46:30.1554 AllServer 0001 (PingComponent.cs:32) 在线人数 ：0
2020-07-10 18:46:35.1566 AllServer 0001 (PingComponent.cs:32) 在线人数 ：0
2020-07-10 18:46:40.1564 AllServer 0001 (PingComponent.cs:32) 在线人数 ：0
2020-07-10 18:46:45.1563 AllServer 0001 (PingComponent.cs:32) 在线人数 ：0
2020-07-10 18:46:50.1574 AllServer 0001 (PingComponent.cs:32) 在线人数 ：0
2020-07-10 18:46:55.1574 AllServer 0001 (PingComponent.cs:32) 在线人数 ：0
2020-07-10 18:47:00.1588 AllServer 0001 (PingComponent.cs:32) 在线人数 ：0
2020-07-10 18:47:05.1598 AllServer 0001 (PingComponent.cs:32) 在线人数 ：0
2020-07-10 18:47:10.1604 AllServer 0001 (PingComponent.cs:32) 在线人数 ：0
2020-07-10 18:47:15.1603 AllServer 0001 (PingComponent.cs:32) 在线人数 ：0
2020-07-10 18:47:20.1606 AllServer 0001 (PingComponent.cs:32) 在线人数 ：0
2020-07-10 18:47:25.1612 AllServer 0001 (PingComponent.cs:32) 在线人数 ：0
2020-07-10 18:47:30.1611 AllServer 0001 (PingComponent.cs:32) 在线人数 ：0
2020-07-10 18:47:35.1621 AllServer 0001 (PingComponent.cs:32) 在线人数 ：0
2020-07-10 18:47:40.1642 AllServer 0001 (PingComponent.cs:32) 在线人数 ：0
2020-07-10 18:47:45.1641 AllServer 0001 (PingComponent.cs:32) 在线人数 ：0
2020-07-10 18:47:50.1643 AllServer 0001 (PingComponent.cs:32) 在线人数 ：0
2020-07-10 18:47:55.1664 AllServer 0001 (PingComponent.cs:32) 在线人数 ：0
2020-07-10 18:48:00.1672 AllServer 0001 (PingComponent.cs:32) 在线人数 ：0
2020-07-10 18:48:05.1676 AllServer 0001 (PingComponent.cs:32) 在线人数 ：0
2020-07-10 18:48:10.1681 AllServer 0001 (PingComponent.cs:32) 在线人数 ：0
2020-07-10 18:48:15.1689 AllServer 0001 (PingComponent.cs:32) 在线人数 ：0
2020-07-10 18:48:20.1693 AllServer 0001 (PingComponent.cs:32) 在线人数 ：0
2020-07-10 18:48:25.1708 AllServer 0001 (PingComponent.cs:32) 在线人数 ：0
2020-07-10 18:48:30.1729 AllServer 0001 (PingComponent.cs:32) 在线人数 ：0
2020-07-10 18:48:35.1748 AllServer 0001 (PingComponent.cs:32) 在线人数 ：0
2020-07-10 18:48:40.1754 AllServer 0001 (PingComponent.cs:32) 在线人数 ：0
2020-07-10 18:48:45.1769 AllServer 0001 (PingComponent.cs:32) 在线人数 ：0
2020-07-10 18:48:50.1781 AllServer 0001 (PingComponent.cs:32) 在线人数 ：0
2020-07-10 18:48:55.1787 AllServer 0001 (PingComponent.cs:32) 在线人数 ：0
2020-07-10 18:49:00.1785 AllServer 0001 (PingComponent.cs:32) 在线人数 ：0
2020-07-10 18:49:05.1788 AllServer 0001 (PingComponent.cs:32) 在线人数 ：0
2020-07-10 18:49:10.1807 AllServer 0001 (PingComponent.cs:32) 在线人数 ：0
2020-07-10 18:49:15.1811 AllServer 0001 (PingComponent.cs:32) 在线人数 ：0
2020-07-10 18:49:20.1821 AllServer 0001 (PingComponent.cs:32) 在线人数 ：0
2020-07-10 18:49:25.1835 AllServer 0001 (PingComponent.cs:32) 在线人数 ：0
2020-07-10 18:49:30.1844 AllServer 0001 (PingComponent.cs:32) 在线人数 ：0
2020-07-10 18:49:35.1855 AllServer 0001 (PingComponent.cs:32) 在线人数 ：0
2020-07-10 18:49:40.1868 AllServer 0001 (PingComponent.cs:32) 在线人数 ：0
2020-07-10 18:49:45.1884 AllServer 0001 (PingComponent.cs:32) 在线人数 ：0
2020-07-10 18:49:50.1887 AllServer 0001 (PingComponent.cs:32) 在线人数 ：0
2020-07-10 18:49:55.1891 AllServer 0001 (PingComponent.cs:32) 在线人数 ：0
2020-07-10 18:50:00.1899 AllServer 0001 (PingComponent.cs:32) 在线人数 ：0
2020-07-10 18:50:05.1912 AllServer 0001 (PingComponent.cs:32) 在线人数 ：0
2020-07-10 18:50:10.1911 AllServer 0001 (PingComponent.cs:32) 在线人数 ：0
2020-07-10 18:50:15.1924 AllServer 0001 (PingComponent.cs:32) 在线人数 ：0
2020-07-10 18:50:20.1923 AllServer 0001 (PingComponent.cs:32) 在线人数 ：0
2020-07-10 18:50:25.1931 AllServer 0001 (PingComponent.cs:32) 在线人数 ：0
2020-07-10 18:50:30.1935 AllServer 0001 (PingComponent.cs:32) 在线人数 ：0
2020-07-10 18:50:35.1947 AllServer 0001 (PingComponent.cs:32) 在线人数 ：0
2020-07-10 18:50:40.1952 AllServer 0001 (PingComponent.cs:32) 在线人数 ：0
2020-07-10 18:50:45.1963 AllServer 0001 (PingComponent.cs:32) 在线人数 ：0
2020-07-10 18:50:50.1981 AllServer 0001 (PingComponent.cs:32) 在线人数 ：0
2020-07-10 18:50:55.2003 AllServer 0001 (PingComponent.cs:32) 在线人数 ：0
2020-07-10 18:51:00.2005 AllServer 0001 (PingComponent.cs:32) 在线人数 ：0
2020-07-10 18:51:05.2014 AllServer 0001 (PingComponent.cs:32) 在线人数 ：0
2020-07-10 18:51:10.2020 AllServer 0001 (PingComponent.cs:32) 在线人数 ：0
2020-07-10 18:51:15.2031 AllServer 0001 (PingComponent.cs:32) 在线人数 ：0
2020-07-10 18:51:20.2045 AllServer 0001 (PingComponent.cs:32) 在线人数 ：0
2020-07-10 18:51:25.2051 AllServer 0001 (PingComponent.cs:32) 在线人数 ：0
2020-07-10 18:51:30.2051 AllServer 0001 (PingComponent.cs:32) 在线人数 ：0
2020-07-10 18:51:35.2053 AllServer 0001 (PingComponent.cs:32) 在线人数 ：0
2020-07-10 18:51:40.2059 AllServer 0001 (PingComponent.cs:32) 在线人数 ：0
2020-07-10 18:51:45.2066 AllServer 0001 (PingComponent.cs:32) 在线人数 ：0
2020-07-10 18:51:50.2065 AllServer 0001 (PingComponent.cs:32) 在线人数 ：0
2020-07-10 18:51:55.2078 AllServer 0001 (PingComponent.cs:32) 在线人数 ：0
2020-07-10 18:52:00.2095 AllServer 0001 (PingComponent.cs:32) 在线人数 ：0
2020-07-10 18:52:05.2090 AllServer 0001 (PingComponent.cs:32) 在线人数 ：0
2020-07-10 18:52:10.2100 AllServer 0001 (PingComponent.cs:32) 在线人数 ：0
2020-07-10 18:52:15.2105 AllServer 0001 (PingComponent.cs:32) 在线人数 ：0
2020-07-10 18:52:20.2104 AllServer 0001 (PingComponent.cs:32) 在线人数 ：0
2020-07-10 18:52:25.2114 AllServer 0001 (PingComponent.cs:32) 在线人数 ：0
2020-07-10 18:52:30.2124 AllServer 0001 (PingComponent.cs:32) 在线人数 ：0
2020-07-10 18:52:35.2139 AllServer 0001 (PingComponent.cs:32) 在线人数 ：0
2020-07-10 18:52:40.2143 AllServer 0001 (PingComponent.cs:32) 在线人数 ：0
2020-07-10 18:52:45.2140 AllServer 0001 (PingComponent.cs:32) 在线人数 ：0
2020-07-10 18:52:50.2151 AllServer 0001 (PingComponent.cs:32) 在线人数 ：0
2020-07-10 18:52:55.2178 AllServer 0001 (PingComponent.cs:32) 在线人数 ：0
2020-07-10 18:53:00.2189 AllServer 0001 (PingComponent.cs:32) 在线人数 ：0
2020-07-10 18:53:05.2190 AllServer 0001 (PingComponent.cs:32) 在线人数 ：0
2020-07-10 18:53:10.2198 AllServer 0001 (PingComponent.cs:32) 在线人数 ：0
2020-07-10 18:53:15.2214 AllServer 0001 (PingComponent.cs:32) 在线人数 ：0
2020-07-10 18:53:20.2219 AllServer 0001 (PingComponent.cs:32) 在线人数 ：0
2020-07-10 18:53:25.2222 AllServer 0001 (PingComponent.cs:32) 在线人数 ：0
2020-07-10 18:53:30.2233 AllServer 0001 (PingComponent.cs:32) 在线人数 ：0
2020-07-10 18:53:35.2239 AllServer 0001 (PingComponent.cs:32) 在线人数 ：0
2020-07-10 18:53:40.2243 AllServer 0001 (PingComponent.cs:32) 在线人数 ：0
2020-07-10 18:53:45.2245 AllServer 0001 (PingComponent.cs:32) 在线人数 ：0
2020-07-10 18:53:50.2253 AllServer 0001 (PingComponent.cs:32) 在线人数 ：0
2020-07-10 18:53:55.2261 AllServer 0001 (PingComponent.cs:32) 在线人数 ：0
2020-07-10 18:54:00.2263 AllServer 0001 (PingComponent.cs:32) 在线人数 ：0
2020-07-10 18:54:05.2270 AllServer 0001 (PingComponent.cs:32) 在线人数 ：0
2020-07-10 18:54:10.2287 AllServer 0001 (PingComponent.cs:32) 在线人数 ：0
2020-07-10 18:54:15.2296 AllServer 0001 (PingComponent.cs:32) 在线人数 ：0
2020-07-10 18:54:20.2309 AllServer 0001 (PingComponent.cs:32) 在线人数 ：0
2020-07-10 18:54:25.2313 AllServer 0001 (PingComponent.cs:32) 在线人数 ：0
2020-07-10 18:54:30.2328 AllServer 0001 (PingComponent.cs:32) 在线人数 ：0
2020-07-10 18:54:35.2342 AllServer 0001 (PingComponent.cs:32) 在线人数 ：0
2020-07-10 18:54:40.2341 AllServer 0001 (PingComponent.cs:32) 在线人数 ：0
2020-07-10 18:54:45.2351 AllServer 0001 (PingComponent.cs:32) 在线人数 ：0
2020-07-10 18:54:50.2351 AllServer 0001 (PingComponent.cs:32) 在线人数 ：0
2020-07-10 18:54:55.2360 AllServer 0001 (PingComponent.cs:32) 在线人数 ：0
2020-07-10 18:55:00.2361 AllServer 0001 (PingComponent.cs:32) 在线人数 ：0
2020-07-10 18:55:05.2373 AllServer 0001 (PingComponent.cs:32) 在线人数 ：0
2020-07-10 18:55:10.2372 AllServer 0001 (PingComponent.cs:32) 在线人数 ：0
2020-07-10 18:55:15.2383 AllServer 0001 (PingComponent.cs:32) 在线人数 ：0
2020-07-10 18:55:20.2396 AllServer 0001 (PingComponent.cs:32) 在线人数 ：0
2020-07-10 18:55:25.2397 AllServer 0001 (PingComponent.cs:32) 在线人数 ：0
2020-07-10 18:55:30.2409 AllServer 0001 (PingComponent.cs:32) 在线人数 ：0
2020-07-10 18:55:35.2423 AllServer 0001 (PingComponent.cs:32) 在线人数 ：0
2020-07-10 18:55:40.2428 AllServer 0001 (PingComponent.cs:32) 在线人数 ：0
2020-07-10 18:55:45.2444 AllServer 0001 (PingComponent.cs:32) 在线人数 ：0
2020-07-10 18:55:50.2454 AllServer 0001 (PingComponent.cs:32) 在线人数 ：0
2020-07-10 18:55:55.2454 AllServer 0001 (PingComponent.cs:32) 在线人数 ：0
2020-07-10 18:56:00.2465 AllServer 0001 (PingComponent.cs:32) 在线人数 ：0
2020-07-10 18:56:05.2476 AllServer 0001 (PingComponent.cs:32) 在线人数 ：0
2020-07-10 18:56:10.2482 AllServer 0001 (PingComponent.cs:32) 在线人数 ：0
2020-07-10 18:56:15.2487 AllServer 0001 (PingComponent.cs:32) 在线人数 ：0
2020-07-10 18:56:20.2499 AllServer 0001 (PingComponent.cs:32) 在线人数 ：0
2020-07-10 18:56:25.2518 AllServer 0001 (PingComponent.cs:32) 在线人数 ：0
2020-07-10 18:56:30.2530 AllServer 0001 (PingComponent.cs:32) 在线人数 ：0
2020-07-10 18:56:35.2532 AllServer 0001 (PingComponent.cs:32) 在线人数 ：0
2020-07-10 18:56:40.2542 AllServer 0001 (PingComponent.cs:32) 在线人数 ：0
2020-07-10 18:56:45.2544 AllServer 0001 (PingComponent.cs:32) 在线人数 ：0
2020-07-10 18:56:50.2552 AllServer 0001 (PingComponent.cs:32) 在线人数 ：0
2020-07-10 18:56:55.2558 AllServer 0001 (PingComponent.cs:32) 在线人数 ：0
2020-07-10 18:57:00.2565 AllServer 0001 (PingComponent.cs:32) 在线人数 ：0
2020-07-10 18:57:05.2575 AllServer 0001 (PingComponent.cs:32) 在线人数 ：0
2020-07-10 18:57:10.2575 AllServer 0001 (PingComponent.cs:32) 在线人数 ：0
2020-07-10 18:57:15.2580 AllServer 0001 (PingComponent.cs:32) 在线人数 ：0
2020-07-10 18:57:20.2650 AllServer 0001 (PingComponent.cs:32) 在线人数 ：0
2020-07-10 18:57:25.2657 AllServer 0001 (PingComponent.cs:32) 在线人数 ：0
2020-07-10 18:57:30.2677 AllServer 0001 (PingComponent.cs:32) 在线人数 ：0
2020-07-10 18:57:35.2694 AllServer 0001 (PingComponent.cs:32) 在线人数 ：0
2020-07-10 18:57:40.2698 AllServer 0001 (PingComponent.cs:32) 在线人数 ：0
2020-07-10 18:57:45.2718 AllServer 0001 (PingComponent.cs:32) 在线人数 ：0
2020-07-10 18:57:50.2736 AllServer 0001 (PingComponent.cs:32) 在线人数 ：0
2020-07-10 18:57:55.2749 AllServer 0001 (PingComponent.cs:32) 在线人数 ：0
2020-07-10 18:58:00.2759 AllServer 0001 (PingComponent.cs:32) 在线人数 ：0
2020-07-10 18:58:05.2767 AllServer 0001 (PingComponent.cs:32) 在线人数 ：0
2020-07-10 18:58:10.2777 AllServer 0001 (PingComponent.cs:32) 在线人数 ：0
2020-07-10 18:58:15.2823 AllServer 0001 (PingComponent.cs:32) 在线人数 ：0
2020-07-10 18:58:20.2832 AllServer 0001 (PingComponent.cs:32) 在线人数 ：0
2020-07-10 18:58:25.2834 AllServer 0001 (PingComponent.cs:32) 在线人数 ：0
2020-07-10 18:58:30.2838 AllServer 0001 (PingComponent.cs:32) 在线人数 ：0
2020-07-10 18:58:35.2857 AllServer 0001 (PingComponent.cs:32) 在线人数 ：0
2020-07-10 18:58:40.2877 AllServer 0001 (PingComponent.cs:32) 在线人数 ：0
2020-07-10 18:58:45.2896 AllServer 0001 (PingComponent.cs:32) 在线人数 ：0
2020-07-10 18:58:50.2909 AllServer 0001 (PingComponent.cs:32) 在线人数 ：0
2020-07-10 18:58:55.2923 AllServer 0001 (PingComponent.cs:32) 在线人数 ：0
2020-07-10 18:59:00.2921 AllServer 0001 (PingComponent.cs:32) 在线人数 ：0
2020-07-10 18:59:05.2930 AllServer 0001 (PingComponent.cs:32) 在线人数 ：0
2020-07-10 18:59:10.2944 AllServer 0001 (PingComponent.cs:32) 在线人数 ：0
2020-07-10 18:59:15.2951 AllServer 0001 (PingComponent.cs:32) 在线人数 ：0
2020-07-10 18:59:20.2957 AllServer 0001 (PingComponent.cs:32) 在线人数 ：0
2020-07-10 18:59:25.2972 AllServer 0001 (PingComponent.cs:32) 在线人数 ：0
2020-07-10 18:59:30.2973 AllServer 0001 (PingComponent.cs:32) 在线人数 ：0
2020-07-10 18:59:35.2979 AllServer 0001 (PingComponent.cs:32) 在线人数 ：0
2020-07-10 18:59:40.2992 AllServer 0001 (PingComponent.cs:32) 在线人数 ：0
2020-07-10 18:59:45.3006 AllServer 0001 (PingComponent.cs:32) 在线人数 ：0
2020-07-10 18:59:50.3018 AllServer 0001 (PingComponent.cs:32) 在线人数 ：0
2020-07-10 18:59:55.3027 AllServer 0001 (PingComponent.cs:32) 在线人数 ：0
2020-07-10 19:00:00.3034 AllServer 0001 (PingComponent.cs:32) 在线人数 ：0
2020-07-10 19:00:05.3053 AllServer 0001 (PingComponent.cs:32) 在线人数 ：0
2020-07-10 19:00:10.3052 AllServer 0001 (PingComponent.cs:32) 在线人数 ：0
2020-07-10 19:00:15.3053 AllServer 0001 (PingComponent.cs:32) 在线人数 ：0
2020-07-10 19:00:20.3051 AllServer 0001 (PingComponent.cs:32) 在线人数 ：0
2020-07-10 19:00:25.3069 AllServer 0001 (PingComponent.cs:32) 在线人数 ：0
2020-07-10 19:00:30.3073 AllServer 0001 (PingComponent.cs:32) 在线人数 ：0
2020-07-10 19:00:35.3071 AllServer 0001 (PingComponent.cs:32) 在线人数 ：0
2020-07-10 19:00:40.3082 AllServer 0001 (PingComponent.cs:32) 在线人数 ：0
2020-07-10 19:00:45.3092 AllServer 0001 (PingComponent.cs:32) 在线人数 ：0
2020-07-10 19:00:50.3099 AllServer 0001 (PingComponent.cs:32) 在线人数 ：0
2020-07-10 19:00:55.3107 AllServer 0001 (PingComponent.cs:32) 在线人数 ：0
2020-07-10 19:01:00.3121 AllServer 0001 (PingComponent.cs:32) 在线人数 ：0
2020-07-10 19:01:05.3127 AllServer 0001 (PingComponent.cs:32) 在线人数 ：0
2020-07-10 19:01:10.3145 AllServer 0001 (PingComponent.cs:32) 在线人数 ：0
2020-07-10 19:01:15.3158 AllServer 0001 (PingComponent.cs:32) 在线人数 ：0
2020-07-10 19:01:20.3177 AllServer 0001 (PingComponent.cs:32) 在线人数 ：0
2020-07-10 19:01:25.3196 AllServer 0001 (PingComponent.cs:32) 在线人数 ：0
2020-07-10 19:01:30.3200 AllServer 0001 (PingComponent.cs:32) 在线人数 ：0
2020-07-10 19:01:35.3203 AllServer 0001 (PingComponent.cs:32) 在线人数 ：0
2020-07-10 19:01:40.3211 AllServer 0001 (PingComponent.cs:32) 在线人数 ：0
2020-07-10 19:01:45.3214 AllServer 0001 (PingComponent.cs:32) 在线人数 ：0
2020-07-10 19:01:50.3225 AllServer 0001 (PingComponent.cs:32) 在线人数 ：0
2020-07-10 19:01:55.3229 AllServer 0001 (PingComponent.cs:32) 在线人数 ：0
2020-07-10 19:02:00.3234 AllServer 0001 (PingComponent.cs:32) 在线人数 ：0
2020-07-10 19:02:05.3233 AllServer 0001 (PingComponent.cs:32) 在线人数 ：0
2020-07-10 19:02:10.3244 AllServer 0001 (PingComponent.cs:32) 在线人数 ：0
2020-07-10 19:02:15.3263 AllServer 0001 (PingComponent.cs:32) 在线人数 ：0
2020-07-10 19:02:20.3279 AllServer 0001 (PingComponent.cs:32) 在线人数 ：0
2020-07-10 19:02:25.3291 AllServer 0001 (PingComponent.cs:32) 在线人数 ：0
2020-07-10 19:02:30.3295 AllServer 0001 (PingComponent.cs:32) 在线人数 ：0
2020-07-10 19:02:35.3292 AllServer 0001 (PingComponent.cs:32) 在线人数 ：0
2020-07-10 19:02:40.3300 AllServer 0001 (PingComponent.cs:32) 在线人数 ：0
2020-07-10 19:02:45.3314 AllServer 0001 (PingComponent.cs:32) 在线人数 ：0
2020-07-10 19:02:50.3323 AllServer 0001 (PingComponent.cs:32) 在线人数 ：0
2020-07-10 19:02:55.3335 AllServer 0001 (PingComponent.cs:32) 在线人数 ：0
2020-07-10 19:03:00.3343 AllServer 0001 (PingComponent.cs:32) 在线人数 ：0
2020-07-10 19:03:05.3357 AllServer 0001 (PingComponent.cs:32) 在线人数 ：0
2020-07-10 19:03:10.3384 AllServer 0001 (PingComponent.cs:32) 在线人数 ：0
2020-07-10 19:03:15.3394 AllServer 0001 (PingComponent.cs:32) 在线人数 ：0
2020-07-10 19:03:20.3390 AllServer 0001 (PingComponent.cs:32) 在线人数 ：0
2020-07-10 19:03:25.3405 AllServer 0001 (PingComponent.cs:32) 在线人数 ：0
2020-07-10 19:03:30.3408 AllServer 0001 (PingComponent.cs:32) 在线人数 ：0
2020-07-10 19:03:35.3411 AllServer 0001 (PingComponent.cs:32) 在线人数 ：0
2020-07-10 19:03:40.3428 AllServer 0001 (PingComponent.cs:32) 在线人数 ：0
2020-07-10 19:03:45.3435 AllServer 0001 (PingComponent.cs:32) 在线人数 ：0
2020-07-10 19:03:50.3454 AllServer 0001 (PingComponent.cs:32) 在线人数 ：0
